<?xml version="1.0" encoding="UTF-8"?>
<robot generator="Robot 7.2 (Python 3.13.2 on win32)" generated="2025-02-17T12:47:17.364928" rpa="false" schemaversion="5">
<suite id="s1" name="QA" source="C:\Users\RicardoValadez\OneDrive - OMICRONLAB SA DE CV\Escritorio\QA">
<suite id="s1-s1" name="Testing" source="C:\Users\RicardoValadez\OneDrive - OMICRONLAB SA DE CV\Escritorio\QA\testing.robot">
<test id="s1-s1-t1" name="Login And First Page" line="20">
<kw name="Open Browser" owner="SeleniumLibrary">
<arg>${URL}</arg>
<arg>chrome</arg>
<doc>Opens a new browser instance to the optional ``url``.</doc>
<status status="FAIL" start="2025-02-17T12:47:19.650349" elapsed="0.000759">Execution terminated by signal</status>
</kw>
<kw name="Maximize Browser Window" owner="SeleniumLibrary">
<doc>Maximizes current browser window.</doc>
<status status="NOT RUN" start="2025-02-17T12:47:19.651672" elapsed="0.000225"/>
</kw>
<kw name="Capture Page Screenshot" owner="SeleniumLibrary">
<arg>${OUTPUTDIR}/login.png</arg>
<doc>Takes a screenshot of the current page and embeds it into a log file.</doc>
<status status="NOT RUN" start="2025-02-17T12:47:19.652252" elapsed="0.000179"/>
</kw>
<kw name="Input Text" owner="SeleniumLibrary">
<arg>id=login_email</arg>
<arg>${USER}</arg>
<doc>Types the given ``text`` into the text field identified by ``locator``.</doc>
<status status="NOT RUN" start="2025-02-17T12:47:19.652709" elapsed="0.000146"/>
</kw>
<kw name="Input Password" owner="SeleniumLibrary">
<arg>id=login_password</arg>
<arg>${PASSWORD}</arg>
<doc>Types the given password into the text field identified by ``locator``.</doc>
<status status="NOT RUN" start="2025-02-17T12:47:19.653099" elapsed="0.000137"/>
</kw>
<kw name="Click Button" owner="SeleniumLibrary">
<arg>id=login_submit</arg>
<doc>Clicks the button identified by ``locator``.</doc>
<status status="NOT RUN" start="2025-02-17T12:47:19.653474" elapsed="0.000124"/>
</kw>
<kw name="Sleep" owner="BuiltIn">
<arg>5s</arg>
<doc>Pauses the test executed for the given time.</doc>
<status status="NOT RUN" start="2025-02-17T12:47:19.653876" elapsed="0.000150"/>
</kw>
<kw name="Capture Page Screenshot" owner="SeleniumLibrary">
<arg>${OUTPUTDIR}/pantallainicial.png</arg>
<doc>Takes a screenshot of the current page and embeds it into a log file.</doc>
<status status="NOT RUN" start="2025-02-17T12:47:19.654280" elapsed="0.000128"/>
</kw>
<kw name="Close Browser" owner="SeleniumLibrary">
<doc>Closes the current browser.</doc>
<status status="NOT RUN" start="2025-02-17T12:47:19.654656" elapsed="0.000148"/>
</kw>
<status status="FAIL" start="2025-02-17T12:47:19.647851" elapsed="0.007411">Execution terminated by signal</status>
</test>
<status status="FAIL" start="2025-02-17T12:47:17.634769" elapsed="2.023137"/>
</suite>
<status status="FAIL" start="2025-02-17T12:47:17.542531" elapsed="2.118390"/>
</suite>
<statistics>
<total>
<stat pass="0" fail="1" skip="0">All Tests</stat>
</total>
<tag>
</tag>
<suite>
<stat name="QA" id="s1" pass="0" fail="1" skip="0">QA</stat>
<stat name="Testing" id="s1-s1" pass="0" fail="1" skip="0">QA.Testing</stat>
</suite>
</statistics>
<errors>
</errors>
</robot>
